"../../../BP_PVehicles/Content/BP_GameInstance.uasset" 0
"../../../Engine/Content/Functions/Engine_MaterialFunctions01/Density/ExponentialDensity.uasset" 1
"../../../Engine/Content/Functions/Engine_MaterialFunctions01/Gradient/RadialGradientExponential.uasset" 2
"../../../BP_PVehicles/Content/Cars/AutomotiveMaterials/LevelContent/Architecture/T_MeterGrid_01_M.uasset" 3
"../../../BP_PVehicles/Content/Cars/AutomotiveMaterials/LevelContent/Architecture/M_CycWall_01.uasset" 4
"../../../BP_PVehicles/Content/Cars/AutomotiveMaterials/LevelContent/Architecture/M_CycRoom_01.uasset" 5
"../../../BP_PVehicles/Content/Cars/AutomotiveMaterials/LevelContent/Architecture/SM_CycRoom_01.uasset" 6
"../../../Engine/Content/Functions/Engine_MaterialFunctions01/Opacity/CameraDepthFade.uasset" 7
"../../../Engine/Content/EngineMaterials/T_Default_Material_Grid_M.uasset" 8
"../../../Engine/Content/EngineMaterials/T_Default_Material_Grid_N.uasset" 9
"../../../Engine/Content/EngineMaterials/WorldGridMaterial.uasset" 10
"../../../BP_PVehicles/Content/Cars/AutomotiveMaterials/LevelContent/PreviewMesh/T_Mat_UnrealTech_01_D.uasset" 11
"../../../BP_PVehicles/Content/Cars/AutomotiveMaterials/LevelContent/PreviewMesh/M_Mat_UnrealTech_automotive_01.uasset" 12
"../../../BP_PVehicles/Content/Cars/AutomotiveMaterials/LevelContent/PreviewMesh/M_Mat_UnrealTech_automotive_02.uasset" 13
"../../../BP_PVehicles/Content/Cars/AutomotiveMaterials/LevelContent/PreviewMesh/SM_MatPreviewMesh_02_Automotive.uasset" 14
"../../../Engine/Content/Functions/Engine_MaterialFunctions01/Gradient/LinearGradient.uasset" 15
"../../../Engine/Content/Functions/Engine_MaterialFunctions01/ImageAdjustment/CheapContrast.uasset" 16
"../../../Engine/Content/EngineMaterials/DefaultDiffuse.uasset" 17
"../../../Engine/Content/Functions/Engine_MaterialFunctions01/Texturing/WorldAlignedTexture.uasset" 18
"../../../Engine/Content/Functions/Engine_MaterialFunctions02/Math/CreateThirdOrthogonalVector.uasset" 19
"../../../Engine/Content/Functions/Engine_MaterialFunctions02/Utility/BreakOutFloat3Components.uasset" 20
"../../../Engine/Content/Functions/Engine_MaterialFunctions02/Math/Transform3x3Matrix.uasset" 21
"../../../Engine/Content/Functions/Engine_MaterialFunctions02/Texturing/HeightLerpWithTwoHeightMaps.uasset" 22
"../../../Engine/Content/Functions/Engine_MaterialFunctions02/Utility/BreakOutFloat2Components.uasset" 23
"../../../Engine/Content/Functions/Engine_MaterialFunctions02/Utility/MakeFloat3.uasset" 24
"../../../Engine/Content/Functions/Engine_MaterialFunctions02/ExampleContent/Textures/SphereRenderNormalsMap.uasset" 25
"../../../Engine/Content/Functions/Engine_MaterialFunctions02/WorldAlignedNormals_HighQuality.uasset" 26
"../../../Engine/Content/EngineMaterials/DefaultNormal_Uncompressed.uasset" 27
"../../../Engine/Content/Functions/Engine_MaterialFunctions02/Texturing/WorldAlignedTextures_Complex.uasset" 28
"../../../Engine/Content/EditorMaterials/Cascade/CASC_Cross.uasset" 29
"../../../Engine/Content/EditorMaterials/Cascade/CASC_None.uasset" 30
"../../../Engine/Content/Functions/Engine_MaterialFunctions03/Blends/Blend_Overlay.uasset" 31
"../../../BP_PVehicles/Content/Cars/AutomotiveMaterials/Textures/Alcantara/T_Alcantara_BC.uasset" 32
"../../../BP_PVehicles/Content/Cars/AutomotiveMaterials/Textures/Alcantara/T_Alcantara_Cloth_N.uasset" 33
"../../../BP_PVehicles/Content/Cars/AutomotiveMaterials/Textures/Alcantara/T_Alcantara_R.uasset" 34
"../../../BP_PVehicles/Content/Cars/AutomotiveMaterials/Textures/Alcantara/T_Alcantara_Scatter_N.uasset" 35
"../../../BP_PVehicles/Content/Cars/AutomotiveMaterials/Textures/Alcantara/T_AlcantaraDetail_N.uasset" 36
"../../../BP_PVehicles/Content/Cars/AutomotiveMaterials/Materials/Alcantara/M_Alcantara.uasset" 37
"../../../BP_PVehicles/Content/Cars/AutomotiveMaterials/Materials/Alcantara/MI_Alcantara_Black.uasset" 38
"../../../BP_PVehicles/Content/Cars/AutomotiveMaterials/Materials/Alcantara/MI_Alcantara_Blue.uasset" 39
"../../../BP_PVehicles/Content/Cars/AutomotiveMaterials/Materials/Alcantara/MI_Alcantara_Grey.uasset" 40
"../../../Engine/Content/Functions/MaterialLayerFunctions/MatLayerBlend_Standard.uasset" 41
"../../../BP_PVehicles/Content/Cars/AutomotiveMaterials/Textures/Wheel/T_RadialNoise.uasset" 42
"../../../BP_PVehicles/Content/Cars/AutomotiveMaterials/Textures/Wheel/T_RadialNoise_N.uasset" 43
"../../../BP_PVehicles/Content/Cars/AutomotiveMaterials/Materials/Functions/MF_BrakeRotor_Radial_Iron.uasset" 44
"../../../BP_PVehicles/Content/Cars/AutomotiveMaterials/Textures/BrakeRotor/T_CarbonCeramic_N.uasset" 45
"../../../BP_PVehicles/Content/Cars/AutomotiveMaterials/Textures/BrakeRotor/T_CarbonCeramic_R.uasset" 46
"../../../BP_PVehicles/Content/Cars/AutomotiveMaterials/Materials/BrakeRotor/M_BrakeRotor.uasset" 47
"../../../BP_PVehicles/Content/Cars/AutomotiveMaterials/Materials/BrakeRotor/MI_BrakeRotor_Carbon.uasset" 48
"../../../Engine/Content/Functions/Engine_MaterialFunctions02/Utility/BlendAngleCorrectedNormals.uasset" 49
"../../../Engine/Content/Functions/Engine_MaterialFunctions02/Utility/MakeFloat2.uasset" 50
"../../../BP_PVehicles/Content/Cars/AutomotiveMaterials/Materials/Functions/MatLayerBlend_Standard_BlendAngleCorrectedNormal.uasset" 51
"../../../BP_PVehicles/Content/Cars/AutomotiveMaterials/Textures/Wheel/T_DiscRotorCrack.uasset" 52
"../../../BP_PVehicles/Content/Cars/AutomotiveMaterials/Textures/Wheel/T_DiscRotorCrack_N.uasset" 53
"../../../BP_PVehicles/Content/Cars/AutomotiveMaterials/Materials/BrakeRotor/M_BrakeRotor_Iron.uasset" 54
"../../../BP_PVehicles/Content/Cars/AutomotiveMaterials/Materials/BrakeRotor/MI_BrakeRotor_Iron.uasset" 55
"../../../Engine/Content/Functions/Engine_MaterialFunctions01/Texturing/WorldAlignedNormal.uasset" 56
"../../../BP_PVehicles/Content/Cars/AutomotiveMaterials/Textures/CarPaint/T_Bump_N.uasset" 57
"../../../BP_PVehicles/Content/Cars/AutomotiveMaterials/Materials/CaliperPaint/M_Caliper.uasset" 58
"../../../BP_PVehicles/Content/Cars/AutomotiveMaterials/Materials/CaliperPaint/MI_Caliper_Black.uasset" 59
"../../../BP_PVehicles/Content/Cars/AutomotiveMaterials/Materials/CaliperPaint/MI_Caliper_Orange.uasset" 60
"../../../BP_PVehicles/Content/Cars/AutomotiveMaterials/Materials/CaliperPaint/MI_Caliper_Red.uasset" 61
"../../../BP_PVehicles/Content/Cars/AutomotiveMaterials/Textures/CarPaint/T_FlakeMask.uasset" 62
"../../../BP_PVehicles/Content/Cars/AutomotiveMaterials/Materials/CaliperPaint/M_Caliper_Flake.uasset" 63
"../../../BP_PVehicles/Content/Cars/AutomotiveMaterials/Materials/CaliperPaint/MI_Caliper_Silver.uasset" 64
"../../../BP_PVehicles/Content/Cars/AutomotiveMaterials/Materials/CaliperPaint/MI_Caliper_Yellow.uasset" 65
"../../../Engine/Content/Functions/Engine_MaterialFunctions02/Texturing/CustomRotator.uasset" 66
"../../../BP_PVehicles/Content/Cars/AutomotiveMaterials/Textures/CarbonFiber/T_CarbonFiber_Twill_N.uasset" 67
"../../../BP_PVehicles/Content/Cars/AutomotiveMaterials/Textures/CarbonFiber/T_CarbonFiber_Twill_R.uasset" 68
"../../../BP_PVehicles/Content/Cars/AutomotiveMaterials/Materials/CarbonFiber/M_CarbonFiber.uasset" 69
"../../../BP_PVehicles/Content/Cars/AutomotiveMaterials/Materials/CarbonFiber/MI_CarbonFiber.uasset" 70
"../../../Engine/Content/Functions/Engine_MaterialFunctions02/Math/TimeWithSpeedVariable.uasset" 71
"../../../BP_PVehicles/Content/Cars/AutomotiveMaterials/Materials/Functions/MF_Sparkle_random.uasset" 72
"../../../Engine/Content/EngineMaterials/RandomAngles.uasset" 73
"../../../BP_PVehicles/Content/Cars/AutomotiveMaterials/Textures/CarbonFiber/T_MetalFlakes_N.uasset" 74
"../../../BP_PVehicles/Content/Cars/AutomotiveMaterials/Materials/CarPaint/M_Carpaint.uasset" 75
"../../../BP_PVehicles/Content/Cars/AutomotiveMaterials/Materials/CarPaint/MI_CarPaint_02_DarkRedBlack.uasset" 76
"../../../BP_PVehicles/Content/Cars/AutomotiveMaterials/Materials/CarPaint/MI_CarPaint_03_RedBlack.uasset" 77
"../../../BP_PVehicles/Content/Cars/AutomotiveMaterials/Materials/CarPaint/MI_CarPaint_04_DarkGrey.uasset" 78
"../../../BP_PVehicles/Content/Cars/AutomotiveMaterials/Materials/CarPaint/MI_CarPaint_05_White.uasset" 79
"../../../BP_PVehicles/Content/Cars/AutomotiveMaterials/Materials/CarPaint/MI_CarPaint_06_WhitePearl.uasset" 80
"../../../BP_PVehicles/Content/Cars/AutomotiveMaterials/Materials/CarPaint/MI_CarPaint_07_Silver.uasset" 81
"../../../BP_PVehicles/Content/Cars/AutomotiveMaterials/Materials/CarPaint/MI_CarPaint_08_BlueSilver.uasset" 82
"../../../BP_PVehicles/Content/Cars/AutomotiveMaterials/Materials/CarPaint/MI_CarPaint_09_Grey.uasset" 83
"../../../BP_PVehicles/Content/Cars/AutomotiveMaterials/Materials/CarPaint/MI_CarPaint_11_Orange.uasset" 84
"../../../BP_PVehicles/Content/Cars/AutomotiveMaterials/Materials/CarPaint/MI_CarPaint_12_Yellow.uasset" 85
"../../../BP_PVehicles/Content/Cars/AutomotiveMaterials/Materials/CarPaint/MI_CarPaint_13_Green.uasset" 86
"../../../BP_PVehicles/Content/Cars/AutomotiveMaterials/Materials/CarPaint/MI_CarPaint_14_Blue.uasset" 87
"../../../BP_PVehicles/Content/Cars/AutomotiveMaterials/Textures/Wheel/T_WheelHub_R.uasset" 88
"../../../BP_PVehicles/Content/Cars/AutomotiveMaterials/Materials/ExhaustFinish/M_Exhaust_Siver.uasset" 89
"../../../BP_PVehicles/Content/Cars/AutomotiveMaterials/Materials/ExhaustFinish/MI_Exhaust_Silver.uasset" 90
"../../../Engine/Content/Functions/Engine_MaterialFunctions02/Utility/BumpOffset_Advanced.uasset" 91
"../../../BP_PVehicles/Content/Cars/AutomotiveMaterials/Textures/Leather/T_PerforationMask.uasset" 92
"../../../BP_PVehicles/Content/Cars/AutomotiveMaterials/Materials/Functions/WorldAlignedTexture_Bumpoffset.uasset" 93
"../../../BP_PVehicles/Content/Cars/AutomotiveMaterials/Textures/Leather/T_Leather_01_AO.uasset" 94
"../../../BP_PVehicles/Content/Cars/AutomotiveMaterials/Textures/Leather/T_Leather_01_N.uasset" 95
"../../../BP_PVehicles/Content/Cars/AutomotiveMaterials/Textures/Leather/T_Leather_01_R.uasset" 96
"../../../BP_PVehicles/Content/Cars/AutomotiveMaterials/Textures/Leather/T_Perforation_N.uasset" 97
"../../../BP_PVehicles/Content/Cars/AutomotiveMaterials/Materials/Leather/M_Leather.uasset" 98
"../../../BP_PVehicles/Content/Cars/AutomotiveMaterials/Materials/Leather/MI_Leather_02_Black_Dark.uasset" 99
"../../../BP_PVehicles/Content/Cars/AutomotiveMaterials/Materials/Leather/MI_Leather_03_White.uasset" 100
"../../../BP_PVehicles/Content/Cars/AutomotiveMaterials/Materials/Leather/MI_Leather_04_Grey.uasset" 101
"../../../BP_PVehicles/Content/Cars/AutomotiveMaterials/Materials/Leather/MI_Leather_05_Brown.uasset" 102
"../../../BP_PVehicles/Content/Cars/AutomotiveMaterials/Materials/Leather/MI_Leather_06_Tan.uasset" 103
"../../../BP_PVehicles/Content/Cars/AutomotiveMaterials/Materials/Leather/MI_Leather_07_Tan_Light.uasset" 104
"../../../BP_PVehicles/Content/Cars/AutomotiveMaterials/Materials/Leather/MI_Leather_08_Tan_Sandy.uasset" 105
"../../../BP_PVehicles/Content/Cars/AutomotiveMaterials/Materials/Leather/MI_Leather_09_Orange.uasset" 106
"../../../BP_PVehicles/Content/Cars/AutomotiveMaterials/Materials/Leather/MI_Leather_10_Orange_Yellow.uasset" 107
"../../../BP_PVehicles/Content/Cars/AutomotiveMaterials/Materials/Leather/MI_Leather_12_Green.uasset" 108
"../../../BP_PVehicles/Content/Cars/AutomotiveMaterials/Materials/Leather/Perforated/MI_MasterPerforated.uasset" 109
"../../../BP_PVehicles/Content/Cars/AutomotiveMaterials/Materials/Leather/Perforated/MI_PF_Green.uasset" 110
"../../../BP_PVehicles/Content/Cars/AutomotiveMaterials/Materials/Leather/Perforated/MI_PF_Grey.uasset" 111
"../../../BP_PVehicles/Content/Cars/AutomotiveMaterials/Materials/Leather/Perforated/MI_PF_Orange.uasset" 112
"../../../BP_PVehicles/Content/Cars/AutomotiveMaterials/Materials/Leather/Perforated/MI_PF_Tan.uasset" 113
"../../../BP_PVehicles/Content/Cars/AutomotiveMaterials/Materials/Leather/Perforated/MI_PF_Tan_Sandy.uasset" 114
"../../../BP_PVehicles/Content/Cars/AutomotiveMaterials/Materials/Metal/M_Metal.uasset" 115
"../../../BP_PVehicles/Content/Cars/AutomotiveMaterials/Materials/Metal/MI_Metal_Anodized_01_Bright.uasset" 116
"../../../BP_PVehicles/Content/Cars/AutomotiveMaterials/Materials/Metal/MI_Metal_Anodized_02_Medium.uasset" 117
"../../../BP_PVehicles/Content/Cars/AutomotiveMaterials/Materials/Metal/MI_Metal_Anodized_Dirt_01_Bright.uasset" 118
"../../../BP_PVehicles/Content/Cars/AutomotiveMaterials/Materials/Metal/MI_Metal_Anodized_Dirt_02_Medium.uasset" 119
"../../../BP_PVehicles/Content/Cars/AutomotiveMaterials/Materials/Metal/MI_Metal_Anodized_Dirt_03_Dark.uasset" 120
"../../../BP_PVehicles/Content/Cars/AutomotiveMaterials/Materials/Metal/MI_Metal_Chrome_01_Bright.uasset" 121
"../../../BP_PVehicles/Content/Cars/AutomotiveMaterials/Materials/Metal/MI_Metal_Chrome_03_Dark.uasset" 122
"../../../BP_PVehicles/Content/Cars/AutomotiveMaterials/Materials/Metal/MI_Metal_Chrome_Dirt_01_Bright.uasset" 123
"../../../BP_PVehicles/Content/Cars/AutomotiveMaterials/Materials/Metal/MI_Metal_Chrome_Dirt_02_Medium.uasset" 124
"../../../BP_PVehicles/Content/Cars/AutomotiveMaterials/Materials/Metal/MI_Metal_Chrome_Dirt_03_Dark.uasset" 125
"../../../BP_PVehicles/Content/Cars/AutomotiveMaterials/Textures/Wheel/T_Dirt.uasset" 126
"../../../BP_PVehicles/Content/Cars/AutomotiveMaterials/Textures/Wheel/T_Dirt_N.uasset" 127
"../../../BP_PVehicles/Content/Cars/AutomotiveMaterials/Materials/Plastic/M_Plastic_Matte.uasset" 128
"../../../BP_PVehicles/Content/Cars/AutomotiveMaterials/Materials/Plastic/MI_Plastic_BrightGrey.uasset" 129
"../../../BP_PVehicles/Content/Cars/AutomotiveMaterials/Materials/Plastic/MI_Plastic_Matte_DarkGrey.uasset" 130
"../../../BP_PVehicles/Content/Cars/AutomotiveMaterials/Materials/Plastic/MI_Plastic_Matte_Grey.uasset" 131
"../../../BP_PVehicles/Content/Cars/AutomotiveMaterials/Materials/Plastic/MI_Plastic_Matte_Red.uasset" 132
"../../../Engine/Content/EngineResources/DefaultTexture.uasset" 133
"../../../Engine/Content/Functions/Engine_MaterialFunctions03/Texturing/WorldCoordinate3Way.uasset" 134
"../../../Engine/Content/EngineMaterials/FlatNormal.uasset" 135
"../../../BP_PVehicles/Content/Cars/AutomotiveMaterials/Textures/Plastic/T_Metal_Dark_D.uasset" 136
"../../../BP_PVehicles/Content/Cars/AutomotiveMaterials/Materials/Plastic/M_Plastic_Speckled.uasset" 137
"../../../BP_PVehicles/Content/Cars/AutomotiveMaterials/Materials/Plastic/MI_Plastic_Speckled.uasset" 138
"../../../BP_PVehicles/Content/Cars/AutomotiveMaterials/Textures/Reflector/T_PlasticDirt.uasset" 139
"../../../BP_PVehicles/Content/Cars/AutomotiveMaterials/Textures/Reflector/T_ReflectorHexagon_N.uasset" 140
"../../../BP_PVehicles/Content/Cars/AutomotiveMaterials/Materials/Reflector/M_Reflector.uasset" 141
"../../../BP_PVehicles/Content/Cars/AutomotiveMaterials/Materials/Reflector/MI_Reflector_RED.uasset" 142
"../../../BP_PVehicles/Content/Cars/AutomotiveMaterials/Materials/Rim/M_Rim.uasset" 143
"../../../BP_PVehicles/Content/Cars/AutomotiveMaterials/Materials/Rim/MI_Rim_BlueBlack.uasset" 144
"../../../BP_PVehicles/Content/Cars/AutomotiveMaterials/Textures/Wheel/T_Brushed_Scratches_D.uasset" 145
"../../../BP_PVehicles/Content/Cars/AutomotiveMaterials/Textures/Wheel/T_Brushed_Scratches_R.uasset" 146
"../../../BP_PVehicles/Content/Cars/AutomotiveMaterials/Materials/Rim/M_Rim_Brushed.uasset" 147
"../../../BP_PVehicles/Content/Cars/AutomotiveMaterials/Materials/Rim/MI_Rim_Brushed.uasset" 148
"../../../BP_PVehicles/Content/Cars/AutomotiveMaterials/Materials/Rim/MI_Rim_Grey.uasset" 149
"../../../BP_PVehicles/Content/Cars/AutomotiveMaterials/Materials/Rim/MI_Rim_Silver.uasset" 150
"../../../BP_PVehicles/Content/Cars/AutomotiveMaterials/Materials/Rim/M_Rim_TwoTone.uasset" 151
"../../../BP_PVehicles/Content/Cars/AutomotiveMaterials/Materials/Rim/MI_Rim_TwoTone.uasset" 152
"../../../BP_PVehicles/Content/Cars/AutomotiveMaterials/Textures/Rubber/T_TireRubber_R.uasset" 153
"../../../BP_PVehicles/Content/Cars/AutomotiveMaterials/Textures/Tire/T_TireSidewall_EpicVer_Release_N.uasset" 154
"../../../BP_PVehicles/Content/Cars/AutomotiveMaterials/Materials/Rubber/M_TireRubber.uasset" 155
"../../../BP_PVehicles/Content/Cars/AutomotiveMaterials/Materials/Rubber/MI_Rubber.uasset" 156
"../../../BP_PVehicles/Content/Cars/AutomotiveMaterials/Materials/Rubber/MI_Tire.uasset" 157
"../../../BP_PVehicles/Content/Cars/AutomotiveMaterials/Textures/Reflector/T_ReflectorHoneyComb_N.uasset" 158
"../../../BP_PVehicles/Content/Cars/AutomotiveMaterials/Textures/Reflector/T_ReflectorTri_N.uasset" 159
"../../../BP_PVehicles/Content/Cars/AutomotiveMaterials/Textures/Tire/T_TireSidewall_EpicVer_UV.uasset" 160
"../../../Engine/Content/EditorBlueprintResources/StandardMacros.uasset" 161
"../../../BP_PVehicles/Content/Interactable_Master.uasset" 162
"../../../BP_PVehicles/Content/Vehicles/Camaro/Meshes/Camaro_Skeleton.uasset" 163
"../../../BP_PVehicles/Content/Vehicles/Camaro/Anims/Camaro_AnimBlueprint.uasset" 164
"../../../BP_PVehicles/Content/Player/Mesh/UE4_Mannequin_Skeleton.uasset" 165
"../../../BP_PVehicles/Content/Vehicles/Camaro/Anims/Camaro_Steering.uasset" 166
"../../../BP_PVehicles/Content/Vehicles/Camaro/Anims/Camaro_Driver_AnimBlueprint.uasset" 167
"../../../Engine/Content/EditorBlueprintResources/ActorMacros.uasset" 168
"../../../BP_PVehicles/Content/Environment/Water/Textures/T_Underwater_N.uasset" 169
"../../../BP_PVehicles/Content/Environment/Water/Textures/T_UnderwaterCaustic_H.uasset" 170
"../../../BP_PVehicles/Content/Environment/Water/Materials/M_Caustic.uasset" 171
"../../../BP_PVehicles/Content/Environment/Water/Materials/PP_WaterDeformation.uasset" 172
"../../../Engine/Content/Functions/Engine_MaterialFunctions03/ComplexMotion/Motion_4WayChaos.uasset" 173
"../../../Engine/Content/Engine_MI_Shaders/T_Base_Tile_Normal.uasset" 174
"../../../Engine/Content/Functions/Engine_MaterialFunctions03/ComplexMotion/Motion_4WayChaos_Normal.uasset" 175
"../../../BP_PVehicles/Content/Environment/Water/HDRI/HDRI_Epic_Courtyard_Daylight.uasset" 176
"../../../BP_PVehicles/Content/Environment/Water/Textures/T_MediumWaves_H.uasset" 177
"../../../BP_PVehicles/Content/Environment/Water/Textures/T_MediumWaves_N.uasset" 178
"../../../BP_PVehicles/Content/Environment/Water/Textures/T_SmallWaves_N.uasset" 179
"../../../BP_PVehicles/Content/Environment/Water/Materials/M_TranslucentWater.uasset" 180
"../../../Engine/Content/MapTemplates/Sky/Desert_Outer_HDR.uasset" 181
"../../../BP_PVehicles/Content/Environment/Water/Materials/M_TranslucentWater_Inst.uasset" 182
"../../../BP_PVehicles/Content/Environment/Water/Meshes/SM_OceanWater.uasset" 183
"../../../BP_PVehicles/Content/Environment/BP_Water_Volume.uasset" 184
"../../../BP_PVehicles/Content/MovementAnimsetPro/Animations/RootMotion/FallingLoop.uasset" 185
"../../../BP_PVehicles/Content/MovementAnimsetPro/Animations/RootMotion/JumpIdleLand.uasset" 186
"../../../BP_PVehicles/Content/MovementAnimsetPro/Animations/RootMotion/JumpIdleStart.uasset" 187
"../../../BP_PVehicles/Content/MovementAnimsetPro/Animations/RootMotion/Idle.uasset" 188
"../../../BP_PVehicles/Content/MovementAnimsetPro/Animations/RootMotion/RunBwdLoop.uasset" 189
"../../../BP_PVehicles/Content/MovementAnimsetPro/Animations/RootMotion/RunFwdLoop.uasset" 190
"../../../BP_PVehicles/Content/MovementAnimsetPro/Animations/RootMotion/RunLtLoop.uasset" 191
"../../../BP_PVehicles/Content/MovementAnimsetPro/Animations/RootMotion/RunRtLoop.uasset" 192
"../../../BP_PVehicles/Content/MovementAnimsetPro/Animations/RootMotion/RunStrafeLeft135Loop.uasset" 193
"../../../BP_PVehicles/Content/MovementAnimsetPro/Animations/RootMotion/RunStrafeLeft45Loop.uasset" 194
"../../../BP_PVehicles/Content/MovementAnimsetPro/Animations/RootMotion/RunStrafeRight135Loop.uasset" 195
"../../../BP_PVehicles/Content/MovementAnimsetPro/Animations/RootMotion/RunStrafeRight45Loop.uasset" 196
"../../../BP_PVehicles/Content/MovementAnimsetPro/Animations/RootMotion/StrafeLeft135Loop.uasset" 197
"../../../BP_PVehicles/Content/MovementAnimsetPro/Animations/RootMotion/StrafeLeft45Loop.uasset" 198
"../../../BP_PVehicles/Content/MovementAnimsetPro/Animations/RootMotion/StrafeLeftLoop.uasset" 199
"../../../BP_PVehicles/Content/MovementAnimsetPro/Animations/RootMotion/StrafeRight135Loop.uasset" 200
"../../../BP_PVehicles/Content/MovementAnimsetPro/Animations/RootMotion/StrafeRight45Loop.uasset" 201
"../../../BP_PVehicles/Content/MovementAnimsetPro/Animations/RootMotion/StrafeRightLoop.uasset" 202
"../../../BP_PVehicles/Content/MovementAnimsetPro/Animations/RootMotion/WalkBwdLoop.uasset" 203
"../../../BP_PVehicles/Content/MovementAnimsetPro/Animations/RootMotion/WalkFwdLoop.uasset" 204
"../../../BP_PVehicles/Content/MovementAnimsetPro/BlendSpaces/ClassicStrafeMovement.uasset" 205
"../../../BP_PVehicles/Content/Player/Animations/ThirdPerson_AnimBP.uasset" 206
"../../../BP_PVehicles/Content/UMG/Tooltip.uasset" 207
"../../../BP_PVehicles/Content/UMG/Sounds/SW_Click.uasset" 208
"../../../BP_PVehicles/Content/UMG/Sounds/SW_Hover.uasset" 209
"../../../BP_PVehicles/Content/UMG/Options_Menu.uasset" 210
"../../../BP_PVehicles/Content/UMG/Pause_Menu.uasset" 211
"../../../BP_PVehicles/Content/UMG/Player_Hud.uasset" 212
"../../../BP_PVehicles/Content/Player/BP_Controller.uasset" 213
"../../../Engine/Content/Functions/MaterialLayerFunctions/MatLayerBlend_NormalBlend.uasset" 214
"../../../Engine/Content/Functions/MaterialLayerFunctions/MatLayerBlend_Simple.uasset" 215
"../../../BP_PVehicles/Content/Player/Mesh/Materials/MaterialLayers/T_ML_Rubber_Blue_01_D.uasset" 216
"../../../BP_PVehicles/Content/Player/Mesh/Materials/MaterialLayers/T_ML_Rubber_Blue_01_N.uasset" 217
"../../../BP_PVehicles/Content/Player/Mesh/Materials/MaterialLayers/ML_GlossyBlack_Latex_UE4.uasset" 218
"../../../BP_PVehicles/Content/Player/Mesh/Materials/MaterialLayers/ML_Plastic_Shiny_Beige.uasset" 219
"../../../BP_PVehicles/Content/Player/Mesh/Materials/Textures/UE4_LOGO_CARD.uasset" 220
"../../../BP_PVehicles/Content/Player/Mesh/Materials/MaterialLayers/ML_Plastic_Shiny_Beige_LOGO.uasset" 221
"../../../BP_PVehicles/Content/Player/Mesh/Materials/MaterialLayers/T_ML_Aluminum01.uasset" 222
"../../../BP_PVehicles/Content/Player/Mesh/Materials/MaterialLayers/T_ML_Aluminum01_N.uasset" 223
"../../../BP_PVehicles/Content/Player/Mesh/Materials/MaterialLayers/ML_SoftMetal_UE4.uasset" 224
"../../../BP_PVehicles/Content/Player/Mesh/Materials/Textures/UE4_Mannequin__normals.uasset" 225
"../../../BP_PVehicles/Content/Player/Mesh/Materials/Textures/UE4_Mannequin_MAT_MASKA.uasset" 226
"../../../BP_PVehicles/Content/Player/Mesh/Materials/M_UE4Man_Body.uasset" 227
"../../../BP_PVehicles/Content/Player/Mesh/Materials/Textures/UE4Man_Logo_N.uasset" 228
"../../../BP_PVehicles/Content/Player/Mesh/Materials/M_UE4Man_ChestLogo.uasset" 229
"../../../BP_PVehicles/Content/Player/Mesh/Materials/MI_Player_Mat.uasset" 230
"../../../BP_PVehicles/Content/Player/Mesh/SK_Mannequin_PhysicsAsset.uasset" 231
"../../../BP_PVehicles/Content/Player/Mesh/SK_Mannequin.uasset" 232
"../../../BP_PVehicles/Content/Player/PM_PlayerCapsule.uasset" 233
"../../../BP_PVehicles/Content/Player/Sounds/0477.uasset" 234
"../../../BP_PVehicles/Content/UMG/Pop-up.uasset" 235
"../../../BP_PVehicles/Content/Player/BP_Physic_Pawn.uasset" 236
"../../../BP_PVehicles/Content/Shared_Functions.uasset" 237
"../../../BP_PVehicles/Content/Vehicle_Save.uasset" 238
"../../../BP_PVehicles/Content/Vehicles/00_Master_Vehicle/Structs/Wheel_Structure.uasset" 239
"../../../BP_PVehicles/Content/Vehicles/00_Master_Vehicle/Curves/Acceleration_Curve.uasset" 240
"../../../BP_PVehicles/Content/Vehicles/00_Master_Vehicle/Curves/Steering_Speed_Curve.uasset" 241
"../../../BP_PVehicles/Content/Vehicles/00_Master_Vehicle/Structs/Gear_Structure.uasset" 242
"../../../BP_PVehicles/Content/Vehicles/00_Master_Vehicle/Materials/M_Chrome.uasset" 243
"../../../BP_PVehicles/Content/Vehicles/00_Master_Vehicle/Materials/M_default.uasset" 244
"../../../BP_PVehicles/Content/Vehicles/00_Master_Vehicle/Materials/M_Light.uasset" 245
"../../../BP_PVehicles/Content/Vehicles/00_Master_Vehicle/Materials/Instances/MI_BrakeLight.uasset" 246
"../../../BP_PVehicles/Content/Vehicles/00_Master_Vehicle/Materials/Instances/MI_HeadLight.uasset" 247
"../../../BP_PVehicles/Content/Vehicles/00_Master_Vehicle/Materials/Instances/MI_ReverseLight.uasset" 248
"../../../BP_PVehicles/Content/Vehicles/Camaro/Sounds/Opel/Engine_2000.uasset" 249
"../../../BP_PVehicles/Content/Vehicles/Camaro/Sounds/Opel/Engine_3000.uasset" 250
"../../../BP_PVehicles/Content/Vehicles/Camaro/Sounds/Opel/Engine_3500.uasset" 251
"../../../BP_PVehicles/Content/Vehicles/Camaro/Sounds/Opel/Engine_Idle.uasset" 252
"../../../BP_PVehicles/Content/Vehicles/Camaro/Sounds/Opel/Engine_Start.uasset" 253
"../../../BP_PVehicles/Content/Vehicles/Camaro/Sounds/Opel/Engine_Stop.uasset" 254
"../../../BP_PVehicles/Content/Vehicles/Camaro/Sounds/Opel/Opel_Engine_Cue.uasset" 255
"../../../BP_PVehicles/Content/UMG/Vehicle_Debug.uasset" 256
"../../../Engine/Content/EngineMaterials/DefaultMaterial.uasset" 257
"../../../Engine/Content/EngineMeshes/Cube.uasset" 258
"../../../BP_PVehicles/Content/Vehicles/00_Master_Vehicle/Effects/Skid/M_Skid.uasset" 259
"../../../BP_PVehicles/Content/Vehicles/00_Master_Vehicle/Effects/Skid/PS_Skid.uasset" 260
"../../../BP_PVehicles/Content/Vehicles/00_Master_Vehicle/Effects/Smoke/T_Smoke.uasset" 261
"../../../BP_PVehicles/Content/Vehicles/00_Master_Vehicle/Effects/Smoke/M_Smoke.uasset" 262
"../../../BP_PVehicles/Content/Vehicles/00_Master_Vehicle/Effects/Smoke/PS_Smoke.uasset" 263
"../../../BP_PVehicles/Content/Vehicles/00_Master_Vehicle/PhysicalMaterials/PM_Grass.uasset" 264
"../../../BP_PVehicles/Content/Vehicles/00_Master_Vehicle/Materials/M_Rubber.uasset" 265
"../../../BP_PVehicles/Content/Vehicles/00_Master_Vehicle/PhysicalMaterials/PM_Tire.uasset" 266
"../../../BP_PVehicles/Content/Vehicles/00_Master_Vehicle/Wheels/Wheel_01_Physics.uasset" 267
"../../../BP_PVehicles/Content/Vehicles/00_Master_Vehicle/Wheels/Wheel_Skeleton.uasset" 268
"../../../BP_PVehicles/Content/Vehicles/00_Master_Vehicle/Wheels/Wheel_01.uasset" 269
"../../../BP_PVehicles/Content/Cars/AutomotiveMaterials/Textures/Fabric/T_Fabric_ArchLiner_D.uasset" 270
"../../../BP_PVehicles/Content/Cars/AutomotiveMaterials/Textures/Fabric/T_Fabric_ArchLiner_N.uasset" 271
"../../../BP_PVehicles/Content/Cars/AutomotiveMaterials/Materials/Fabric/M_Fabric_ArchLiner.uasset" 272
"../../../BP_PVehicles/Content/Vehicles/00_Master_Vehicle/Materials/M_Glass.uasset" 273
"../../../BP_PVehicles/Content/Vehicles/00_Master_Vehicle/Materials/M_Void.uasset" 274
"../../../BP_PVehicles/Content/Vehicles/Camaro/Meshes/Gauges.uasset" 275
"../../../BP_PVehicles/Content/Vehicles/Camaro/Meshes/M_Camaro_Gauges.uasset" 276
"../../../BP_PVehicles/Content/Cars/AutomotiveMaterials/Materials/CarPaint/MI_CarPaint_10_Red.uasset" 277
"../../../BP_PVehicles/Content/Cars/AutomotiveMaterials/Materials/Leather/MI_Leather_11_Red.uasset" 278
"../../../BP_PVehicles/Content/Cars/AutomotiveMaterials/Materials/Metal/MI_Metal_Anodized_03_Dark.uasset" 279
"../../../BP_PVehicles/Content/Cars/AutomotiveMaterials/Materials/Plastic/M_Plastic_Coated_Black.uasset" 280
"../../../BP_PVehicles/Content/Cars/AutomotiveMaterials/Materials/Plastic/MI_Plastic_Coated_Black.uasset" 281
"../../../BP_PVehicles/Content/Cars/AutomotiveMaterials/Materials/Reflector/MI_Reflector_Orange.uasset" 282
"../../../BP_PVehicles/Content/Vehicles/00_Master_Vehicle/PhysicalMaterials/PM_Body.uasset" 283
"../../../BP_PVehicles/Content/Vehicles/Camaro/Meshes/Camaro_PhysicsAsset.uasset" 284
"../../../BP_PVehicles/Content/Vehicles/Camaro/Meshes/Camaro.uasset" 285
"../../../BP_PVehicles/Content/Vehicles/Camaro/Sounds/grass_roll_ext.uasset" 286
"../../../BP_PVehicles/Content/Vehicles/Camaro/Sounds/grass_roll_ext_Cue.uasset" 287
"../../../BP_PVehicles/Content/Vehicles/Camaro/Sounds/grass_skid_ext.uasset" 288
"../../../BP_PVehicles/Content/Vehicles/Camaro/Sounds/grass_skid_ext_Cue.uasset" 289
"../../../BP_PVehicles/Content/Vehicles/Camaro/Sounds/road_roll_ext.uasset" 290
"../../../BP_PVehicles/Content/Vehicles/Camaro/Sounds/road_roll_ext_Cue.uasset" 291
"../../../BP_PVehicles/Content/Vehicles/Camaro/Sounds/road_skid_ext.uasset" 292
"../../../BP_PVehicles/Content/Vehicles/Camaro/Sounds/road_skid_ext_Cue.uasset" 293
"../../../BP_PVehicles/Content/Vehicles/00_Master_Vehicle/BP_Master_Vehicle.uasset" 294
"../../../BP_PVehicles/Content/Environment/Meshes/SM_Gas_Station.uasset" 295
"../../../BP_PVehicles/Content/Environment/BP_GasStation.uasset" 296
"../../../BP_PVehicles/Content/Environment/Meshes/Arena.uasset" 297
"../../../BP_PVehicles/Content/Environment/Meshes/SM_Platform.uasset" 298
"../../../Engine/Content/EngineMaterials/Good64x64TilingNoiseHighFreq.uasset" 299
"../../../Engine/Content/Functions/Engine_MaterialFunctions01/Texturing/SpiralBlur-SceneTexture.uasset" 300
"../../../BP_PVehicles/Content/Environment/Water/Materials/M_SurfaceBlur.uasset" 301
"../../../BP_PVehicles/Content/Environment/Water/Sounds/ChangeWaterLevelSound.uasset" 302
"../../../BP_PVehicles/Content/Environment/Water/Textures/T_Rock_Basalt_N.uasset" 303
"../../../BP_PVehicles/Content/MovementAnimsetPro/Animations/RootMotion/ButtonPush_LH_90.uasset" 304
"../../../BP_PVehicles/Content/MovementAnimsetPro/Animations/RootMotion/ButtonPush_RH.uasset" 305
"../../../BP_PVehicles/Content/MovementAnimsetPro/Animations/RootMotion/ButtonPush_RH_90.uasset" 306
"../../../BP_PVehicles/Content/MovementAnimsetPro/Animations/RootMotion/Climb1m.uasset" 307
"../../../BP_PVehicles/Content/MovementAnimsetPro/Animations/RootMotion/Climb2m.uasset" 308
"../../../BP_PVehicles/Content/MovementAnimsetPro/Animations/RootMotion/Crouch2Idle.uasset" 309
"../../../BP_PVehicles/Content/MovementAnimsetPro/Animations/RootMotion/Crouch2Idle_new.uasset" 310
"../../../BP_PVehicles/Content/MovementAnimsetPro/Animations/RootMotion/CrouchLoop_new.uasset" 311
"../../../BP_PVehicles/Content/MovementAnimsetPro/Animations/RootMotion/Crouch_Idle.uasset" 312
"../../../BP_PVehicles/Content/MovementAnimsetPro/Animations/RootMotion/Crouch_Turn90L_new.uasset" 313
"../../../BP_PVehicles/Content/MovementAnimsetPro/Animations/RootMotion/Crouch_Turn90R_new.uasset" 314
"../../../BP_PVehicles/Content/MovementAnimsetPro/Animations/RootMotion/Crouch_WalkBwdStart_new.uasset" 315
"../../../BP_PVehicles/Content/MovementAnimsetPro/Animations/RootMotion/Crouch_WalkBwdStop_LU_new.uasset" 316
"../../../BP_PVehicles/Content/MovementAnimsetPro/Animations/RootMotion/Crouch_WalkBwdStop_RU_new.uasset" 317
"../../../BP_PVehicles/Content/MovementAnimsetPro/Animations/RootMotion/Crouch_WalkBwd_new.uasset" 318
"../../../BP_PVehicles/Content/MovementAnimsetPro/Animations/RootMotion/Crouch_WalkFwdLoop.uasset" 319
"../../../BP_PVehicles/Content/MovementAnimsetPro/Animations/RootMotion/Crouch_WalkFwdStart.uasset" 320
"../../../BP_PVehicles/Content/MovementAnimsetPro/Animations/RootMotion/Crouch_WalkFwdStart180_L.uasset" 321
"../../../BP_PVehicles/Content/MovementAnimsetPro/Animations/RootMotion/Crouch_WalkFwdStart180_R.uasset" 322
"../../../BP_PVehicles/Content/MovementAnimsetPro/Animations/RootMotion/Crouch_WalkFwdStart90_L.uasset" 323
"../../../BP_PVehicles/Content/MovementAnimsetPro/Animations/RootMotion/Crouch_WalkFwdStart90_R.uasset" 324
"../../../BP_PVehicles/Content/MovementAnimsetPro/Animations/RootMotion/Crouch_WalkFwdStart_new.uasset" 325
"../../../BP_PVehicles/Content/MovementAnimsetPro/Animations/RootMotion/Crouch_WalkFwdStop_LU.uasset" 326
"../../../BP_PVehicles/Content/MovementAnimsetPro/Animations/RootMotion/Crouch_WalkFwdStop_LU_new.uasset" 327
"../../../BP_PVehicles/Content/MovementAnimsetPro/Animations/RootMotion/Crouch_WalkFwdStop_RU.uasset" 328
"../../../BP_PVehicles/Content/MovementAnimsetPro/Animations/RootMotion/Crouch_WalkFwdStop_RU_new.uasset" 329
"../../../BP_PVehicles/Content/MovementAnimsetPro/Animations/RootMotion/Crouch_WalkFwd_new.uasset" 330
"../../../BP_PVehicles/Content/MovementAnimsetPro/Animations/RootMotion/Crouch_WalkLt135_new.uasset" 331
"../../../BP_PVehicles/Content/MovementAnimsetPro/Animations/RootMotion/Crouch_WalkLt45_new.uasset" 332
"../../../BP_PVehicles/Content/MovementAnimsetPro/Animations/RootMotion/Crouch_WalkLtStart_new.uasset" 333
"../../../BP_PVehicles/Content/MovementAnimsetPro/Animations/RootMotion/Crouch_WalkLtStop_LU_new.uasset" 334
"../../../BP_PVehicles/Content/MovementAnimsetPro/Animations/RootMotion/Crouch_WalkLtStop_RU_new.uasset" 335
"../../../BP_PVehicles/Content/MovementAnimsetPro/Animations/RootMotion/Crouch_WalkLt_new.uasset" 336
"../../../BP_PVehicles/Content/MovementAnimsetPro/Animations/RootMotion/Crouch_WalkRt135_new.uasset" 337
"../../../BP_PVehicles/Content/MovementAnimsetPro/Animations/RootMotion/Crouch_WalkRt45_new.uasset" 338
"../../../BP_PVehicles/Content/MovementAnimsetPro/Animations/RootMotion/Crouch_WalkRtStart_new.uasset" 339
"../../../BP_PVehicles/Content/MovementAnimsetPro/Animations/RootMotion/Crouch_WalkRtStop_LU_new.uasset" 340
"../../../BP_PVehicles/Content/MovementAnimsetPro/Animations/RootMotion/Crouch_WalkRtStop_RU_new.uasset" 341
"../../../BP_PVehicles/Content/MovementAnimsetPro/Animations/RootMotion/Crouch_WalkRt_new.uasset" 342
"../../../BP_PVehicles/Content/MovementAnimsetPro/Animations/RootMotion/Death_1.uasset" 343
"../../../BP_PVehicles/Content/MovementAnimsetPro/Animations/RootMotion/Death_2.uasset" 344
"../../../BP_PVehicles/Content/MovementAnimsetPro/Animations/RootMotion/DontKnow.uasset" 345
"../../../BP_PVehicles/Content/MovementAnimsetPro/Animations/RootMotion/FallingLoop_RootMotion.uasset" 346
"../../../BP_PVehicles/Content/MovementAnimsetPro/Animations/RootMotion/Fists2Idle.uasset" 347
"../../../BP_PVehicles/Content/MovementAnimsetPro/Animations/RootMotion/Fists_Hit_Left.uasset" 348
"../../../BP_PVehicles/Content/MovementAnimsetPro/Animations/RootMotion/Fists_Hit_Right.uasset" 349
"../../../BP_PVehicles/Content/MovementAnimsetPro/Animations/RootMotion/Fists_Idle.uasset" 350
"../../../BP_PVehicles/Content/MovementAnimsetPro/Animations/RootMotion/Fists_Kick_Front_L.uasset" 351
"../../../BP_PVehicles/Content/MovementAnimsetPro/Animations/RootMotion/Fists_Kick_Front_Move_R.uasset" 352
"../../../BP_PVehicles/Content/MovementAnimsetPro/Animations/RootMotion/Fists_Punch_Heavy2Idle.uasset" 353
"../../../BP_PVehicles/Content/MovementAnimsetPro/Animations/RootMotion/Fists_Punch_L.uasset" 354
"../../../BP_PVehicles/Content/MovementAnimsetPro/Animations/RootMotion/Fists_Punch_Move_L.uasset" 355
"../../../BP_PVehicles/Content/MovementAnimsetPro/Animations/RootMotion/Fists_Punch_Move_R.uasset" 356
"../../../BP_PVehicles/Content/MovementAnimsetPro/Animations/RootMotion/Fists_Punch_R.uasset" 357
"../../../BP_PVehicles/Content/MovementAnimsetPro/Animations/RootMotion/GetUpFromBack.uasset" 358
"../../../BP_PVehicles/Content/MovementAnimsetPro/Animations/RootMotion/GetUpFromFace.uasset" 359
"../../../BP_PVehicles/Content/MovementAnimsetPro/Animations/RootMotion/HiddenButton.uasset" 360
"../../../BP_PVehicles/Content/MovementAnimsetPro/Animations/RootMotion/Idle2.uasset" 361
"../../../BP_PVehicles/Content/MovementAnimsetPro/Animations/RootMotion/Idle2Crouch.uasset" 362
"../../../BP_PVehicles/Content/MovementAnimsetPro/Animations/RootMotion/Idle2Crouch_new.uasset" 363
"../../../BP_PVehicles/Content/MovementAnimsetPro/Animations/RootMotion/Idle2Fists.uasset" 364
"../../../BP_PVehicles/Content/MovementAnimsetPro/Animations/RootMotion/Idle3.uasset" 365
"../../../BP_PVehicles/Content/MovementAnimsetPro/Animations/RootMotion/Idle4.uasset" 366
"../../../BP_PVehicles/Content/MovementAnimsetPro/Animations/RootMotion/Idle5.uasset" 367
"../../../BP_PVehicles/Content/MovementAnimsetPro/Animations/RootMotion/Idle6.uasset" 368
"../../../BP_PVehicles/Content/MovementAnimsetPro/Animations/RootMotion/Idle_Hit_Strong_Left.uasset" 369
"../../../BP_PVehicles/Content/MovementAnimsetPro/Animations/RootMotion/Idle_Hit_Strong_Right.uasset" 370
"../../../BP_PVehicles/Content/MovementAnimsetPro/Animations/RootMotion/Idle_Knockdown_Front.uasset" 371
"../../../BP_PVehicles/Content/MovementAnimsetPro/Animations/RootMotion/Idle_Knockdown_Left.uasset" 372
"../../../BP_PVehicles/Content/MovementAnimsetPro/Animations/RootMotion/Idle_Knockdown_Right.uasset" 373
"../../../BP_PVehicles/Content/MovementAnimsetPro/Animations/RootMotion/Idle_Punch_Move_L.uasset" 374
"../../../BP_PVehicles/Content/MovementAnimsetPro/Animations/RootMotion/JumpIdleLand2Walk.uasset" 375
"../../../BP_PVehicles/Content/MovementAnimsetPro/Animations/RootMotion/JumpIdleLandHard.uasset" 376
"../../../BP_PVehicles/Content/MovementAnimsetPro/Animations/RootMotion/JumpRunStart_LU.uasset" 377
"../../../BP_PVehicles/Content/MovementAnimsetPro/Animations/RootMotion/JumpRunStart_RU.uasset" 378
"../../../BP_PVehicles/Content/MovementAnimsetPro/Animations/RootMotion/JumpRun_LU_Land.uasset" 379
"../../../BP_PVehicles/Content/MovementAnimsetPro/Animations/RootMotion/JumpRun_LU_Land2Run.uasset" 380
"../../../BP_PVehicles/Content/MovementAnimsetPro/Animations/RootMotion/JumpRun_RU_Land.uasset" 381
"../../../BP_PVehicles/Content/MovementAnimsetPro/Animations/RootMotion/JumpRun_RU_Land2Run.uasset" 382
"../../../BP_PVehicles/Content/MovementAnimsetPro/Animations/RootMotion/JumpWalkStart_LU.uasset" 383
"../../../BP_PVehicles/Content/MovementAnimsetPro/Animations/RootMotion/JumpWalkStart_RU.uasset" 384
"../../../BP_PVehicles/Content/MovementAnimsetPro/Animations/RootMotion/JumpWalk_LU_Land.uasset" 385
"../../../BP_PVehicles/Content/MovementAnimsetPro/Animations/RootMotion/JumpWalk_LU_Land2Walk.uasset" 386
"../../../BP_PVehicles/Content/MovementAnimsetPro/Animations/RootMotion/JumpWalk_RU_Land.uasset" 387
"../../../BP_PVehicles/Content/MovementAnimsetPro/Animations/RootMotion/JumpWalk_RU_Land2Walk.uasset" 388
"../../../BP_PVehicles/Content/MovementAnimsetPro/Animations/RootMotion/Jump_place_ALL.uasset" 389
"../../../BP_PVehicles/Content/MovementAnimsetPro/Animations/RootMotion/Jump_place_ALL_short.uasset" 390
"../../../BP_PVehicles/Content/MovementAnimsetPro/Animations/RootMotion/Jump_run_lu_ALL.uasset" 391
"../../../BP_PVehicles/Content/MovementAnimsetPro/Animations/RootMotion/Jump_run_ru_ALL.uasset" 392
"../../../BP_PVehicles/Content/MovementAnimsetPro/Animations/RootMotion/Jump_walk_lu_ALL.uasset" 393
"../../../BP_PVehicles/Content/MovementAnimsetPro/Animations/RootMotion/Jump_walk_ru_ALL.uasset" 394
"../../../BP_PVehicles/Content/MovementAnimsetPro/Animations/RootMotion/KeypadUse_LH.uasset" 395
"../../../BP_PVehicles/Content/MovementAnimsetPro/Animations/RootMotion/KeypadUse_LH_90.uasset" 396
"../../../BP_PVehicles/Content/MovementAnimsetPro/Animations/RootMotion/KeypadUse_RH.uasset" 397
"../../../BP_PVehicles/Content/MovementAnimsetPro/Animations/RootMotion/KeypadUse_RH_90.uasset" 398
"../../../BP_PVehicles/Content/MovementAnimsetPro/Animations/RootMotion/KickTrashcan.uasset" 399
"../../../BP_PVehicles/Content/MovementAnimsetPro/Animations/RootMotion/PatrolFullCycleLoop.uasset" 400
"../../../BP_PVehicles/Content/MovementAnimsetPro/Animations/RootMotion/PatrolLoop.uasset" 401
"../../../BP_PVehicles/Content/MovementAnimsetPro/Animations/RootMotion/PickUp_LH.uasset" 402
"../../../BP_PVehicles/Content/MovementAnimsetPro/Animations/RootMotion/PickUp_LH_90.uasset" 403
"../../../BP_PVehicles/Content/MovementAnimsetPro/Animations/RootMotion/PickUp_RH.uasset" 404
"../../../BP_PVehicles/Content/MovementAnimsetPro/Animations/RootMotion/PickUp_RH_90.uasset" 405
"../../../BP_PVehicles/Content/MovementAnimsetPro/Animations/RootMotion/PullLever_LH.uasset" 406
"../../../BP_PVehicles/Content/MovementAnimsetPro/Animations/RootMotion/PullLever_LH_90.uasset" 407
"../../../BP_PVehicles/Content/MovementAnimsetPro/Animations/RootMotion/PullLever_RH.uasset" 408
"../../../BP_PVehicles/Content/MovementAnimsetPro/Animations/RootMotion/PullLever_RH_90.uasset" 409
"../../../BP_PVehicles/Content/MovementAnimsetPro/Animations/RootMotion/RunArchLoop_L.uasset" 410
"../../../BP_PVehicles/Content/MovementAnimsetPro/Animations/RootMotion/RunArchLoop_R.uasset" 411
"../../../BP_PVehicles/Content/MovementAnimsetPro/Animations/RootMotion/RunFwdLoop_LeanL.uasset" 412
"../../../BP_PVehicles/Content/MovementAnimsetPro/Animations/RootMotion/RunFwdLoop_LeanR.uasset" 413
"../../../BP_PVehicles/Content/MovementAnimsetPro/Animations/RootMotion/RunFwdStart.uasset" 414
"../../../BP_PVehicles/Content/MovementAnimsetPro/Animations/RootMotion/RunFwdStart135_L.uasset" 415
"../../../BP_PVehicles/Content/MovementAnimsetPro/Animations/RootMotion/RunFwdStart135_R.uasset" 416
"../../../BP_PVehicles/Content/MovementAnimsetPro/Animations/RootMotion/RunFwdStart180_L.uasset" 417
"../../../BP_PVehicles/Content/MovementAnimsetPro/Animations/RootMotion/RunFwdStart180_R.uasset" 418
"../../../BP_PVehicles/Content/MovementAnimsetPro/Animations/RootMotion/RunFwdStart90_L.uasset" 419
"../../../BP_PVehicles/Content/MovementAnimsetPro/Animations/RootMotion/RunFwdStart90_R.uasset" 420
"../../../BP_PVehicles/Content/MovementAnimsetPro/Animations/RootMotion/RunFwdStop_LU.uasset" 421
"../../../BP_PVehicles/Content/MovementAnimsetPro/Animations/RootMotion/RunFwdStop_RU.uasset" 422
"../../../BP_PVehicles/Content/MovementAnimsetPro/Animations/RootMotion/RunFwdTurn180_L_LU.uasset" 423
"../../../BP_PVehicles/Content/MovementAnimsetPro/Animations/RootMotion/RunFwdTurn180_L_RU.uasset" 424
"../../../BP_PVehicles/Content/MovementAnimsetPro/Animations/RootMotion/RunFwdTurn180_R_LU.uasset" 425
"../../../BP_PVehicles/Content/MovementAnimsetPro/Animations/RootMotion/RunFwdTurn180_R_RU.uasset" 426
"../../../BP_PVehicles/Content/MovementAnimsetPro/Animations/RootMotion/SitChairEnd.uasset" 427
"../../../BP_PVehicles/Content/MovementAnimsetPro/Animations/RootMotion/SitChairLoop.uasset" 428
"../../../BP_PVehicles/Content/MovementAnimsetPro/Animations/RootMotion/SitChairStart.uasset" 429
"../../../BP_PVehicles/Content/MovementAnimsetPro/Animations/RootMotion/Slide.uasset" 430
"../../../BP_PVehicles/Content/MovementAnimsetPro/Animations/RootMotion/SprintFwdLoop1.uasset" 431
"../../../BP_PVehicles/Content/MovementAnimsetPro/Animations/RootMotion/StrafeLeftStart.uasset" 432
"../../../BP_PVehicles/Content/MovementAnimsetPro/Animations/RootMotion/StrafeLeftStop_LU.uasset" 433
"../../../BP_PVehicles/Content/MovementAnimsetPro/Animations/RootMotion/StrafeLeftStop_RU.uasset" 434
"../../../BP_PVehicles/Content/MovementAnimsetPro/Animations/RootMotion/StrafeRightStart.uasset" 435
"../../../BP_PVehicles/Content/MovementAnimsetPro/Animations/RootMotion/StrafeRightStop_LU.uasset" 436
"../../../BP_PVehicles/Content/MovementAnimsetPro/Animations/RootMotion/StrafeRightStop_RU.uasset" 437
"../../../BP_PVehicles/Content/MovementAnimsetPro/Animations/RootMotion/ThrowAway_LH.uasset" 438
"../../../BP_PVehicles/Content/MovementAnimsetPro/Animations/RootMotion/ThrowAway_RH.uasset" 439
"../../../BP_PVehicles/Content/MovementAnimsetPro/Animations/RootMotion/ThrowCancel.uasset" 440
"../../../BP_PVehicles/Content/MovementAnimsetPro/Animations/RootMotion/ThrowEndClose.uasset" 441
"../../../BP_PVehicles/Content/MovementAnimsetPro/Animations/RootMotion/ThrowEndFar.uasset" 442
"../../../BP_PVehicles/Content/MovementAnimsetPro/Animations/RootMotion/ThrowLoop.uasset" 443
"../../../BP_PVehicles/Content/MovementAnimsetPro/Animations/RootMotion/ThrowSingle1.uasset" 444
"../../../BP_PVehicles/Content/MovementAnimsetPro/Animations/RootMotion/ThrowSingle2.uasset" 445
"../../../BP_PVehicles/Content/MovementAnimsetPro/Animations/RootMotion/Throw_Start.uasset" 446
"../../../BP_PVehicles/Content/MovementAnimsetPro/Animations/RootMotion/Turn180Surprised.uasset" 447
"../../../BP_PVehicles/Content/MovementAnimsetPro/Animations/RootMotion/TurnLt180.uasset" 448
"../../../BP_PVehicles/Content/MovementAnimsetPro/Animations/RootMotion/TurnLt90_Loop.uasset" 449
"../../../BP_PVehicles/Content/MovementAnimsetPro/Animations/RootMotion/TurnRt180.uasset" 450
"../../../BP_PVehicles/Content/MovementAnimsetPro/Animations/RootMotion/TurnRt90_Loop.uasset" 451
"../../../BP_PVehicles/Content/MovementAnimsetPro/Animations/RootMotion/Vault1m.uasset" 452
"../../../BP_PVehicles/Content/MovementAnimsetPro/Animations/RootMotion/WalkArchLoop_L.uasset" 453
"../../../BP_PVehicles/Content/MovementAnimsetPro/Animations/RootMotion/WalkArchLoop_R.uasset" 454
"../../../BP_PVehicles/Content/MovementAnimsetPro/Animations/RootMotion/WalkBwdStart.uasset" 455
"../../../BP_PVehicles/Content/MovementAnimsetPro/Animations/RootMotion/WalkBwdStop_LU.uasset" 456
"../../../BP_PVehicles/Content/MovementAnimsetPro/Animations/RootMotion/WalkBwdStop_RU.uasset" 457
"../../../BP_PVehicles/Content/MovementAnimsetPro/Animations/RootMotion/WalkFwdLoop_LeanL.uasset" 458
"../../../BP_PVehicles/Content/MovementAnimsetPro/Animations/RootMotion/WalkFwdLoop_LeanR.uasset" 459
"../../../BP_PVehicles/Content/MovementAnimsetPro/Animations/RootMotion/WalkFwdStart.uasset" 460
"../../../BP_PVehicles/Content/MovementAnimsetPro/Animations/RootMotion/WalkFwdStart135_L.uasset" 461
"../../../BP_PVehicles/Content/MovementAnimsetPro/Animations/RootMotion/WalkFwdStart135_R.uasset" 462
"../../../BP_PVehicles/Content/MovementAnimsetPro/Animations/RootMotion/WalkFwdStart180_L.uasset" 463
"../../../BP_PVehicles/Content/MovementAnimsetPro/Animations/RootMotion/WalkFwdStart180_R.uasset" 464
"../../../BP_PVehicles/Content/MovementAnimsetPro/Animations/RootMotion/WalkFwdStart90_L.uasset" 465
"../../../BP_PVehicles/Content/MovementAnimsetPro/Animations/RootMotion/WalkFwdStart90_R.uasset" 466
"../../../BP_PVehicles/Content/MovementAnimsetPro/Animations/RootMotion/WalkFwdStop_LU.uasset" 467
"../../../BP_PVehicles/Content/MovementAnimsetPro/Animations/RootMotion/WalkFwdStop_RU.uasset" 468
"../../../BP_PVehicles/Content/MovementAnimsetPro/Animations/RootMotion/WalkThroughDoor_LH.uasset" 469
"../../../BP_PVehicles/Content/MovementAnimsetPro/Animations/RootMotion/WalkThroughDoor_RH.uasset" 470
"../../../BP_PVehicles/Content/MovementAnimsetPro/Animations/AimOffsets/Idle_CC.uasset" 471
"../../../BP_PVehicles/Content/MovementAnimsetPro/Animations/AimOffsets/Idle_D.uasset" 472
"../../../BP_PVehicles/Content/MovementAnimsetPro/Animations/AimOffsets/Idle_L.uasset" 473
"../../../BP_PVehicles/Content/MovementAnimsetPro/Animations/AimOffsets/Idle_LD.uasset" 474
"../../../BP_PVehicles/Content/MovementAnimsetPro/Animations/AimOffsets/Idle_LU.uasset" 475
"../../../BP_PVehicles/Content/MovementAnimsetPro/Animations/AimOffsets/Idle_R.uasset" 476
"../../../BP_PVehicles/Content/MovementAnimsetPro/Animations/AimOffsets/Idle_RD.uasset" 477
"../../../BP_PVehicles/Content/MovementAnimsetPro/Animations/AimOffsets/Idle_RU.uasset" 478
"../../../BP_PVehicles/Content/MovementAnimsetPro/Animations/AimOffsets/Idle_U.uasset" 479
"../../../BP_PVehicles/Content/MovementAnimsetPro/BlendSpaces/LookAround.uasset" 480
"../../../Engine/Content/BasicShapes/BasicShapeMaterial.uasset" 481
"../../../Engine/Content/BasicShapes/Cylinder.uasset" 482
"../../../BP_PVehicles/Content/Vehicles/BP_Vehicle_Waypoint.uasset" 483
"../../../BP_PVehicles/Content/Vehicles/00_Master_Vehicle/Materials/M_CarPaint.uasset" 484
"../../../BP_PVehicles/Content/Vehicles/3_Wheeler/3_Wheeler_Body_Skeleton.uasset" 485
"../../../BP_PVehicles/Content/Vehicles/3_Wheeler/3_Wheeler_AnimBP.uasset" 486
"../../../BP_PVehicles/Content/Vehicles/00_Master_Vehicle/Curves/Steering_Speed_SLOW_Curve.uasset" 487
"../../../BP_PVehicles/Content/Vehicles/00_Master_Vehicle/Wheels/Wheel_02_Physics.uasset" 488
"../../../BP_PVehicles/Content/Vehicles/00_Master_Vehicle/Wheels/Wheel_02.uasset" 489
"../../../BP_PVehicles/Content/Vehicles/00_Master_Vehicle/Wheels/Wheel_03_Physics.uasset" 490
"../../../BP_PVehicles/Content/Vehicles/00_Master_Vehicle/Wheels/Wheel_03.uasset" 491
"../../../BP_PVehicles/Content/Vehicles/3_Wheeler/3_Wheeler_Body_PhysicsAsset.uasset" 492
"../../../BP_PVehicles/Content/Vehicles/3_Wheeler/3_Wheeler.uasset" 493
"../../../BP_PVehicles/Content/Vehicles/3_Wheeler/BP_3_Wheeler.uasset" 494
"../../../BP_PVehicles/Content/Vehicles/Camaro/Anims/Crash.uasset" 495
"../../../BP_PVehicles/Content/Vehicles/Camaro/Sounds/morgan_startup.uasset" 496
"../../../BP_PVehicles/Content/Vehicles/Camaro/Anims/Camaro_Passenger.uasset" 497
"../../../BP_PVehicles/Content/Vehicles/00_Master_Vehicle/BP_Passenger.uasset" 498
"../../../BP_PVehicles/Content/Vehicles/Porsche_918_Spyder/Materials/Textures/tire_c_wet_nrml_65c8852e-83e7-4a0f-812f-fdaaef5bafb4.uasset" 499
"../../../BP_PVehicles/Content/Vehicles/Porsche_918_Spyder/Materials/M_Tire_Face.uasset" 500
"../../../BP_PVehicles/Content/Vehicles/Porsche_918_Spyder/Materials/Textures/tiresidewall_a_blur_nrml_914530e2-2167-47fe-9e89-ab047b6c91e6.uasset" 501
"../../../BP_PVehicles/Content/Vehicles/Porsche_918_Spyder/Materials/M_Tire_Side.uasset" 502
"../../../BP_PVehicles/Content/Vehicles/Porsche_918_Spyder/Materials/Void.uasset" 503
"../../../BP_PVehicles/Content/Cars/AutomotiveMaterials/Materials/CarPaint/MI_CarPaint_01_Black.uasset" 504
"../../../BP_PVehicles/Content/Cars/AutomotiveMaterials/Materials/Metal/MI_Metal_Chrome_02_Medium.uasset" 505
"../../../BP_PVehicles/Content/Vehicles/00_Master_Vehicle/Wheels/Wheel_04_Physics.uasset" 506
"../../../BP_PVehicles/Content/Vehicles/00_Master_Vehicle/Wheels/Wheel_04.uasset" 507
"../../../BP_PVehicles/Content/Vehicles/Camaro/Sounds/morgan_idle.uasset" 508
"../../../BP_PVehicles/Content/Vehicles/Camaro/Sounds/morgan_offhigh.uasset" 509
"../../../BP_PVehicles/Content/Vehicles/Camaro/Sounds/morgan_offlow.uasset" 510
"../../../BP_PVehicles/Content/Vehicles/Camaro/Sounds/morgan_offmid.uasset" 511
"../../../BP_PVehicles/Content/Vehicles/Camaro/Sounds/morgan_onhigh.uasset" 512
"../../../BP_PVehicles/Content/Vehicles/Camaro/Sounds/morgan_onlow.uasset" 513
"../../../BP_PVehicles/Content/Vehicles/Camaro/Sounds/morgan_onmid.uasset" 514
"../../../BP_PVehicles/Content/Vehicles/Camaro/Sounds/Camaro_Engine_Cue.uasset" 515
"../../../BP_PVehicles/Content/Vehicles/Porsche_918_Spyder/Materials/01_-_Default.uasset" 516
"../../../BP_PVehicles/Content/Vehicles/Porsche_918_Spyder/Materials/Textures/gauges_diff.uasset" 517
"../../../BP_PVehicles/Content/Vehicles/Porsche_918_Spyder/Materials/Textures/gauges_glow.uasset" 518
"../../../BP_PVehicles/Content/Vehicles/Porsche_918_Spyder/Materials/Gauges.uasset" 519
"../../../BP_PVehicles/Content/Vehicles/Porsche_918_Spyder/Materials/Textures/ptn_grillhexagon_017_nrml_7b88b52a-4165-46f2-b30b-728407f2e214.uasset" 520
"../../../BP_PVehicles/Content/Vehicles/Porsche_918_Spyder/Materials/Textures/ptn_grillhexagon_017_opac_196a5837-381e-4d3a-9bc1-2f74e839531d.uasset" 521
"../../../BP_PVehicles/Content/Vehicles/Porsche_918_Spyder/Materials/Grille_1.uasset" 522
"../../../BP_PVehicles/Content/Vehicles/Porsche_918_Spyder/Materials/Screens.uasset" 523
"../../../BP_PVehicles/Content/Vehicles/Porsche_918_Spyder/Materials/Textures/symbols_diff.uasset" 524
"../../../BP_PVehicles/Content/Vehicles/Porsche_918_Spyder/Materials/Textures/symbols_mask.uasset" 525
"../../../BP_PVehicles/Content/Vehicles/Porsche_918_Spyder/Materials/Symbols_1.uasset" 526
"../../../BP_PVehicles/Content/Vehicles/Porsche_918_Spyder/Materials/Textures/symbols_embossed_nrml.uasset" 527
"../../../BP_PVehicles/Content/Vehicles/Porsche_918_Spyder/Materials/Textures/symbols_embossed_opac.uasset" 528
"../../../BP_PVehicles/Content/Vehicles/Porsche_918_Spyder/Materials/Symbols_2.uasset" 529
"../../../BP_PVehicles/Content/Cars/AutomotiveMaterials/Materials/Fabric/MI_Fabric_ArchLiner.uasset" 530
"../../../Engine/Content/Functions/Engine_MaterialFunctions02/Fresnel_Function.uasset" 531
"../../../Engine/Content/Functions/Engine_MaterialFunctions02/Utility/CustomReflectionVector.uasset" 532
"../../../BP_PVehicles/Content/Cars/AutomotiveMaterials/LevelContent/HDRI/HDRI_Epic_Courtyard_Daylight.uasset" 533
"../../../BP_PVehicles/Content/Cars/AutomotiveMaterials/Materials/Glass/M_Glass.uasset" 534
"../../../BP_PVehicles/Content/Cars/AutomotiveMaterials/Materials/Glass/MI_Glass.uasset" 535
"../../../BP_PVehicles/Content/Cars/AutomotiveMaterials/Materials/Leather/MI_Leather_01_Black.uasset" 536
"../../../BP_PVehicles/Content/Cars/AutomotiveMaterials/Materials/Plastic/MI_Plastic_Matte_Black.uasset" 537
"../../../BP_PVehicles/Content/Vehicles/Porsche_918_Spyder/Materials/M_Light.uasset" 538
"../../../BP_PVehicles/Content/Vehicles/Porsche_918_Spyder/Materials/M_Light_Inst.uasset" 539
"../../../BP_PVehicles/Content/Vehicles/Porsche_918_Spyder/Meshes/Porsche_918_Spyder_Physics.uasset" 540
"../../../BP_PVehicles/Content/Vehicles/Porsche_918_Spyder/Meshes/Porsche_918_Spyder_Skeleton.uasset" 541
"../../../BP_PVehicles/Content/Vehicles/Porsche_918_Spyder/Meshes/Porsche_918_Spyder.uasset" 542
"../../../BP_PVehicles/Content/Vehicles/Porsche_918_Spyder/Meshes/Porsche_918_Spyder_Roof.uasset" 543
"../../../BP_PVehicles/Content/Vehicles/Porsche_918_Spyder/BP_Porsche.uasset" 544
"../../../BP_PVehicles/Content/Vehicles/Porsche_918_Spyder/Materials/Material__198.uasset" 545
"../../../BP_PVehicles/Content/Vehicles/Porsche_918_Spyder/Materials/Textures/sidewall_dirt_glos_09e380d4-daf1-4f80-b4ce-6d2d7f6f2977.uasset" 546
"../../../BP_PVehicles/Content/Vehicles/Trailer/Trailer_PhysicsAsset.uasset" 547
"../../../BP_PVehicles/Content/Vehicles/Trailer/Trailer_Skeleton.uasset" 548
"../../../BP_PVehicles/Content/Vehicles/Trailer/Trailer.uasset" 549
"../../../BP_PVehicles/Content/Vehicles/Trailer/BP_Trailer.uasset" 550
"../../../BP_PVehicles/Content/Vehicles/Trailer/Caravan.uasset" 551
"../../../Engine/Content/BasicShapes/Cone.uasset" 552
"../../../Engine/Content/BasicShapes/Cube.uasset" 553
"../../../Engine/Content/BasicShapes/Plane.uasset" 554
"../../../Engine/Content/BasicShapes/Sphere.uasset" 555
"../../../Engine/Content/EditorLandscapeResources/DataLayer.uasset" 556
"../../../Engine/Content/EditorMaterials/GizmoMaterial.uasset" 557
"../../../Engine/Content/EditorMaterials/MAT_Groups_Toggle.uasset" 558
"../../../Engine/Content/EditorMaterials/MAT_Groups_Visibility.uasset" 559
"../../../Engine/Content/EditorMaterials/PreviewShadowIndicator.uasset" 560
"../../../Engine/Content/EditorMaterials/PreviewShadowIndicatorMaterial.uasset" 561
"../../../Engine/Content/EditorMaterials/AssetViewer/EpicQuadPanorama_CC+EV1.uasset" 562
"../../../Engine/Content/EditorMaterials/MatineeGroups/MAT_ColorTrack.uasset" 563
"../../../Engine/Content/EditorMaterials/MatineeGroups/MAT_Groups_Anim.uasset" 564
"../../../Engine/Content/EditorMaterials/MatineeGroups/MAT_Groups_AudioMaster.uasset" 565
"../../../Engine/Content/EditorMaterials/MatineeGroups/MAT_Groups_Director.uasset" 566
"../../../Engine/Content/EditorMaterials/MatineeGroups/MAT_Groups_Event.uasset" 567
"../../../Engine/Content/EditorMaterials/MatineeGroups/MAT_Groups_Fade.uasset" 568
"../../../Engine/Content/EditorMaterials/MatineeGroups/MAT_Groups_Float.uasset" 569
"../../../Engine/Content/EditorMaterials/MatineeGroups/MAT_Groups_Move.uasset" 570
"../../../Engine/Content/EditorMaterials/MatineeGroups/MAT_Groups_Slomo.uasset" 571
"../../../Engine/Content/EditorMaterials/MatineeGroups/MAT_Groups_Sound.uasset" 572
"../../../Engine/Content/EditorMaterials/MatineeGroups/MAT_Groups_Vector.uasset" 573
"../../../Engine/Content/EditorMaterials/ParticleSystems/PSysThumbnail_NoImage.uasset" 574
"../../../Engine/Content/EditorMaterials/ParticleSystems/PSysThumbnail_OOD.uasset" 575
"../../../Engine/Content/EditorMaterials/Camera/CineMat.uasset" 576
"../../../Engine/Content/EditorMaterials/Camera/MI_CineMat_Rig.uasset" 577
"../../../Engine/Content/EditorMeshes/Camera/SM_CraneRig_Arm.uasset" 578
"../../../Engine/Content/EditorMeshes/Camera/SM_CraneRig_Base.uasset" 579
"../../../Engine/Content/EditorMeshes/Camera/SM_CraneRig_Body.uasset" 580
"../../../Engine/Content/EditorMeshes/Camera/SM_CraneRig_Mount.uasset" 581
"../../../Engine/Content/EditorMeshes/Camera/SM_RailRig_Mount.uasset" 582
"../../../Engine/Content/EditorMeshes/Camera/SM_RailRig_Track.uasset" 583
"../../../Engine/Content/EditorMeshes/ColorCalibrator/M_ChromeBall.uasset" 584
"../../../Engine/Content/EditorMeshes/ColorCalibrator/M_ClearCoat.uasset" 585
"../../../Engine/Content/EditorMeshes/ColorCalibrator/M_ClearCoatBlack.uasset" 586
"../../../Engine/Content/EditorMeshes/ColorCalibrator/T_ColorGrid.uasset" 587
"../../../Engine/Content/EditorMeshes/ColorCalibrator/M_ColorGrid.uasset" 588
"../../../Engine/Content/EditorMeshes/ColorCalibrator/M_GreyBall.uasset" 589
"../../../Engine/Content/EditorMeshes/ColorCalibrator/SM_ColorCalibrator.uasset" 590
"../../../Engine/Content/EditorResources/BSPVertex.uasset" 591
"../../../Engine/Content/EditorResources/EmptyActor.uasset" 592
"../../../Engine/Content/EditorResources/S_Actor.uasset" 593
"../../../Engine/Content/EditorResources/S_Trigger.uasset" 594
"../../../Engine/Content/EditorResources/AudioIcons/S_AudioComponent.uasset" 595
"../../../Engine/Content/EditorResources/AudioIcons/S_AudioComponent_AutoActivate.uasset" 596
"../../../Engine/Content/EditorResources/LightIcons/S_LightError.uasset" 597
"../../../Engine/Content/EditorResources/SequenceRecorder/Countdown.uasset" 598
"../../../Engine/Content/EditorResources/SequenceRecorder/RecordingIndicator.uasset" 599
"../../../Engine/Content/EditorSounds/Notifications/CompileFailed.uasset" 600
"../../../Engine/Content/EditorSounds/Notifications/CompileFailed_Cue.uasset" 601
"../../../Engine/Content/EditorSounds/Notifications/CompileSuccess.uasset" 602
"../../../Engine/Content/EditorSounds/Notifications/CompileStart_Cue.uasset" 603
"../../../Engine/Content/EditorSounds/Notifications/CompileSuccess_Cue.uasset" 604
"../../../Engine/Content/EngineDamageTypes/DmgTypeBP_Environmental.uasset" 605
"../../../Engine/Content/EngineDebugMaterials/HeatmapGradient.uasset" 606
"../../../Engine/Content/EngineDebugMaterials/BoneWeightMaterial.uasset" 607
"../../../Engine/Content/EngineDebugMaterials/ClothMaterial.uasset" 608
"../../../Engine/Content/EngineDebugMaterials/ClothMaterial_WF.uasset" 609
"../../../Engine/Content/EngineDebugMaterials/DebugEditorMaterial.uasset" 610
"../../../Engine/Content/EngineDebugMaterials/DebugMeshMaterial.uasset" 611
"../../../Engine/Content/EngineDebugMaterials/GeomMaterial.uasset" 612
"../../../Engine/Content/EngineFonts/Faces/RobotoBold.uasset" 613
"../../../Engine/Content/EngineFonts/Faces/RobotoBoldItalic.uasset" 614
"../../../Engine/Content/EngineFonts/Faces/RobotoItalic.uasset" 615
"../../../Engine/Content/EngineFonts/Faces/RobotoLight.uasset" 616
"../../../Engine/Content/EngineFonts/Faces/RobotoRegular.uasset" 617
"../../../Engine/Content/EngineFonts/Roboto.uasset" 618
"../../../Engine/Content/EngineFonts/Faces/RobotoTiny.uasset" 619
"../../../Engine/Content/EngineFonts/RobotoTiny.uasset" 620
"../../../Engine/Content/EngineMaterials/DefaultBloomKernel.uasset" 621
"../../../Engine/Content/EngineMaterials/DefaultBokeh.uasset" 622
"../../../Engine/Content/EngineMaterials/DefaultDeferredDecalMaterial.uasset" 623
"../../../Engine/Content/EngineMaterials/DefaultLightFunctionMaterial.uasset" 624
"../../../Engine/Content/EngineMaterials/DefaultPhysicalMaterial.uasset" 625
"../../../Engine/Content/EngineMaterials/DefaultPostProcessMaterial.uasset" 626
"../../../Engine/Content/EngineFonts/RobotoDistanceField.uasset" 627
"../../../Engine/Content/EngineMaterials/DefaultTextMaterialOpaque.uasset" 628
"../../../Engine/Content/EngineMaterials/DefaultWhiteGrid.uasset" 629
"../../../Engine/Content/EngineMaterials/EditorBrushMaterial.uasset" 630
"../../../Engine/Content/EngineMaterials/MiniFont.uasset" 631
"../../../Engine/Content/EngineMaterials/InvalidLightmapSettings.uasset" 632
"../../../Engine/Content/EngineMaterials/M_InvalidLightmapSettings.uasset" 633
"../../../Engine/Content/EngineMaterials/PhAT_JointLimitMaterial.uasset" 634
"../../../Engine/Content/EngineMaterials/PreintegratedSkinBRDF.uasset" 635
"../../../Engine/Content/EngineMaterials/RemoveSurfaceMaterial.uasset" 636
"../../../Engine/Content/EngineMaterials/WeightMapPlaceholderTexture.uasset" 637
"../../../Engine/Content/EngineResources/WhiteSquareTexture.uasset" 638
"../../../Engine/Content/EngineMaterials/Widget3DPassThrough.uasset" 639
"../../../Engine/Content/EngineMaterials/Widget3DPassThrough_Masked.uasset" 640
"../../../Engine/Content/EngineMaterials/Widget3DPassThrough_Opaque.uasset" 641
"../../../Engine/Content/EngineMaterials/Widget3DPassThrough_Masked_OneSided.uasset" 642
"../../../Engine/Content/EngineMaterials/Widget3DPassThrough_Opaque_OneSided.uasset" 643
"../../../Engine/Content/EngineMaterials/Widget3DPassThrough_Translucent.uasset" 644
"../../../Engine/Content/EngineMaterials/Widget3DPassThrough_Translucent_OneSided.uasset" 645
"../../../Engine/Content/EngineMeshes/Cylinder.uasset" 646
"../../../Engine/Content/EngineMeshes/Sphere.uasset" 647
"../../../Engine/Content/EngineResources/Black.uasset" 648
"../../../Engine/Content/EngineResources/DefaultTextureCube.uasset" 649
"../../../Engine/Content/EngineResources/GradientTexture0.uasset" 650
"../../../Engine/Content/EngineSounds/Master.uasset" 651
"../../../Engine/Content/Functions/Engine_MaterialFunctions01/Shading/ConvertFromDiffSpec.uasset" 652
"../../../Engine/Content/Functions/Engine_MaterialFunctions01/Shading/PowerToRoughness.uasset" 653
"../../../Engine/Content/Maps/Templates/Thumbnails/Default.uasset" 654
"../../../Engine/Content/Maps/Templates/Thumbnails/VR-Basic.uasset" 655
"../../../Engine/Content/MobileResources/T_MobileControls_texture.uasset" 656
"../../../Engine/Content/MobileResources/T_MobileMenu2.uasset" 657
"../../../Engine/Content/MobileResources/HUD/AnalogHat.uasset" 658
"../../../Engine/Content/MobileResources/HUD/VirtualJoystick_Background.uasset" 659
"../../../Engine/Content/MobileResources/HUD/VirtualJoystick_Thumb.uasset" 660
"../../../Engine/Content/MobileResources/HUD/DefaultVirtualJoysticks.uasset" 661
"../../../Engine/Content/MobileResources/HUD/LeftVirtualJoystickOnly.uasset" 662
"../../../Engine/Content/MobileResources/HUD/MobileHUDButton1_off.uasset" 663
"../../../Engine/Content/MobileResources/HUD/MobileHUDButton1_on.uasset" 664
"../../../Engine/Content/MobileResources/HUD/MobileHUDButton2_off.uasset" 665
"../../../Engine/Content/MobileResources/HUD/MobileHUDButton2_on.uasset" 666
"../../../Engine/Content/MobileResources/HUD/MobileHUDButton3.uasset" 667
"../../../Engine/Content/MobileResources/HUD/MobileHUDButtonFire.uasset" 668
"../../../Engine/Content/MobileResources/HUD/MobileHUDDirectionPad.uasset" 669
"../../../Engine/Content/MobileResources/HUD/MobileHUDDirectionPad2.uasset" 670
"../../../Engine/Content/MobileResources/HUD/MobileHUDDirectionPad3.uasset" 671
"../../../Engine/Content/MobileResources/HUD/MobileHUDDirectionStick.uasset" 672
"../../../Engine/Content/MobileResources/HUD/T_Castle_ThumbstickInner.uasset" 673
"../../../Engine/Content/MobileResources/HUD/T_Castle_ThumbstickOutter.uasset" 674
"../../../Engine/Content/Tutorial/ContentIntroCurve.uasset" 675
"../../../Engine/Content/Tutorial/Basics/TutorialAssets/icon_tab_Levels_40x.uasset" 676
"../../../Engine/Content/Tutorial/BlueprintTutorials/TutorialAssets/BlueprintInterface_64x.uasset" 677
"../../../Engine/Content/Tutorial/BlueprintTutorials/TutorialAssets/BlueprintMacroLibrary_64x.uasset" 678
"../../../Engine/Content/Tutorial/BlueprintTutorials/TutorialAssets/Blueprint_64x.uasset" 679
"../../../Engine/Content/Tutorial/BlueprintTutorials/TutorialAssets/Tutorial_BP_Interface.uasset" 680
"../../../Engine/Content/Tutorial/Foliage/TutorialAssets/Foliage.uasset" 681
"../../../Engine/Content/Tutorial/Landscape/TutorialAssets/Landscape.uasset" 682
"../../../Engine/Content/Tutorial/Paper2D/TutorialAssets/Paper2DFlipbook_TutorialIcon.uasset" 683
"../../../Engine/Content/Tutorial/Paper2D/TutorialAssets/Paper2DSprite_TutorialIcon.uasset" 684
"../../../Engine/Content/Tutorial/SubEditors/TutorialAssets/icon_Editor_Preferences_General_40x.uasset" 685
"../../../Engine/Content/Tutorial/SubEditors/TutorialAssets/icon_ShowSkeletalMeshes_40x.uasset" 686
"../../../Engine/Content/Tutorial/SubEditors/TutorialAssets/TutorialMaterial.uasset" 687
"../../../Engine/Content/Tutorial/SubEditors/TutorialAssets/T_SmokeSubUV_8X8.uasset" 688
"../../../Engine/Content/Tutorial/SubEditors/TutorialAssets/T_soft_smoke.uasset" 689
"../../../Engine/Content/Tutorial/SubEditors/TutorialAssets/M_smoke_subUV_blackbody.uasset" 690
"../../../Engine/Content/Tutorial/SubEditors/TutorialAssets/TutorialParticleSystem.uasset" 691
"../../../Engine/Content/EditorMeshes/EditorCube.uasset" 692
"../../../Engine/Content/Tutorial/SubEditors/TutorialAssets/Tutorial_DM.uasset" 693
"../../../Engine/Content/VREditor/Devices/Generic/GenericHMDMaterial.uasset" 694
"../../../Engine/Content/VREditor/Devices/Generic/GenericHMD.uasset" 695
"../../../Engine/Content/VREditor/FloatingText/LineMaterial.uasset" 696
"../../../Engine/Content/VREditor/FloatingText/JointSphere.uasset" 697
"../../../Engine/Content/VREditor/FloatingText/LineSegmentCylinder.uasset" 698
"../../../Engine/Content/VREditor/Fonts/VRText_RobotoLarge.uasset" 699
"../../../Engine/Content/VREditor/Fonts/VRTextMaterial.uasset" 700
"../../../Engine/Content/VREditor/Fonts/TranslucentVRTextMaterial.uasset" 701
"../../../Engine/Content/VREditor/LaserPointer/CursorPointer.uasset" 702
"../../../Engine/Content/VREditor/LaserPointer/VR_LaserPower_01.uasset" 703
"../../../Engine/Content/VREditor/TransformGizmo/TransformGizmoMaterial.uasset" 704
"../../../Engine/Content/VREditor/LaserPointer/HoverMaterial.uasset" 705
"../../../Engine/Content/VREditor/TransformGizmo/TranslucentTransformGizmoMaterial.uasset" 706
"../../../Engine/Content/VREditor/LaserPointer/TranslucentHoverMaterial.uasset" 707
"../../../Engine/Content/VREditor/LaserPointer/HoverMesh.uasset" 708
"../../../Engine/Content/VREditor/LaserPointer/LaserPointerMaterial.uasset" 709
"../../../Engine/Content/VREditor/LaserPointer/LaserPointerMaterialInst.uasset" 710
"../../../Engine/Content/VREditor/LaserPointer/TranslucentLaserPointerMaterialInst.uasset" 711
"../../../Engine/Content/VREditor/LaserPointer/LaserPointerMesh.uasset" 712
"../../../Engine/Content/VREditor/LaserPointer/LaserPointerMesh_End.uasset" 713
"../../../Engine/Content/VREditor/LaserPointer/LaserPointerMesh_Start.uasset" 714
"../../../Engine/Content/Functions/Engine_MaterialFunctions02/SplitComponents.uasset" 715
"../../../Engine/Content/VREditor/SnapGrid/SnapGridMaterial.uasset" 716
"../../../Engine/Content/VREditor/SnapGrid/SnapGridPlaneMesh.uasset" 717
"../../../Engine/Content/VREditor/Sounds/VR_teleport.uasset" 718
"../../../Engine/Content/VREditor/Sounds/UI/Click_on_Button_Cue.uasset" 719
"../../../Engine/Content/VREditor/Sounds/UI/Dockable_Window_Close.uasset" 720
"../../../Engine/Content/VREditor/Sounds/UI/Dockable_Window_Drop.uasset" 721
"../../../Engine/Content/VREditor/Sounds/UI/Dockable_Window_Open.uasset" 722
"../../../Engine/Content/VREditor/Sounds/UI/Dockable_Window_Pick_Up.uasset" 723
"../../../Engine/Content/VREditor/Sounds/UI/Drop_Item_From_ContentBrowser.uasset" 724
"../../../Engine/Content/VREditor/Sounds/UI/Floating_UI_Open-001.uasset" 725
"../../../Engine/Content/VREditor/Sounds/UI/Gizmo_Handle_Clicked.uasset" 726
"../../../Engine/Content/VREditor/Sounds/UI/Object_PickUp.uasset" 727
"../../../Engine/Content/VREditor/Sounds/UI/Object_Snaps_To_Another_Actor.uasset" 728
"../../../Engine/Content/VREditor/Sounds/UI/Object_Snaps_To_Grid.uasset" 729
"../../../Engine/Content/VREditor/Sounds/UI/Radial_Menu_FadeOut.uasset" 730
"../../../Engine/Content/VREditor/Sounds/UI/Scaling_Down.uasset" 731
"../../../Engine/Content/VREditor/Sounds/UI/Scaling_Up.uasset" 732
"../../../Engine/Content/VREditor/Sounds/UI/Selection_Changes.uasset" 733
"../../../Engine/Content/VREditor/Sounds/UI/Teleport_Mode_Entered.uasset" 734
"../../../Engine/Content/VREditor/Teleport/TeleportDirectionMaterial.uasset" 735
"../../../Engine/Content/VREditor/Teleport/TeleportDirectionMaterial_Inst.uasset" 736
"../../../Engine/Content/VREditor/Teleport/TeleportDirectionMesh.uasset" 737
"../../../Engine/Content/VREditor/TransformGizmo/BoundingBoxCorner.uasset" 738
"../../../Engine/Content/VREditor/TransformGizmo/BoundingBoxEdge.uasset" 739
"../../../Engine/Content/VREditor/TransformGizmo/PlaneTranslationHandle.uasset" 740
"../../../Engine/Content/VREditor/TransformGizmo/RotationHandleFull.uasset" 741
"../../../Engine/Content/VREditor/TransformGizmo/RotationHandleIndicator.uasset" 742
"../../../Engine/Content/VREditor/TransformGizmo/RotationHandleQuarter.uasset" 743
"../../../Engine/Content/VREditor/TransformGizmo/Main.uasset" 744
"../../../Engine/Content/VREditor/TransformGizmo/Xray.uasset" 745
"../../../Engine/Content/VREditor/TransformGizmo/SM_Dialog_Close.uasset" 746
"../../../Engine/Content/VREditor/TransformGizmo/SM_Dialog_Move.uasset" 747
"../../../Engine/Content/VREditor/TransformGizmo/SM_Sequencer_Key.uasset" 748
"../../../Engine/Content/VREditor/TransformGizmo/StartRotationHandleIndicator.uasset" 749
"../../../Engine/Content/VREditor/TransformGizmo/TranslucentTransformGizmoMaterial_Inst.uasset" 750
"../../../Engine/Content/VREditor/TransformGizmo/TransformGizmoFreeRotation.uasset" 751
"../../../Engine/Content/VREditor/TransformGizmo/TransformGizmoMaterial_Inst.uasset" 752
"../../../Engine/Content/VREditor/TransformGizmo/TranslateArrowHandle.uasset" 753
"../../../Engine/Content/VREditor/TransformGizmo/UniformScaleHandle.uasset" 754
"../../../Engine/Content/VREditor/UI/KeyDiskMaterial.uasset" 755
"../../../Engine/Content/VREditor/UI/DiscMaterial.uasset" 756
"../../../Engine/Content/VREditor/UI/SM_Radial_Disk.uasset" 757
"../../../Engine/Content/Functions/Engine_MaterialFunctions01/Gradient/RadialGradient.uasset" 758
"../../../Engine/Content/VREditor/WorldMovementGrid/SimpleGrid.uasset" 759
"../../../Engine/Content/VREditor/WorldMovementGrid/GridMaterial.uasset" 760
"../../../Engine/Content/VREditor/WorldMovementGrid/GridPostProcess.uasset" 761
"../../../Engine/Content/EditorLandscapeResources/FlattenHeightMat.uasset" 762
"../../../Engine/Content/VREditor/WorldMovementGrid/PlaneMesh.uasset" 763
"../../../Engine/Plugins/2D/Paper2D/Content/PlaceholderTextures/DummySpriteTexture.uasset" 764
"../../../Engine/Plugins/2D/Paper2D/Content/DummySprite.uasset" 765
"../../../Engine/Plugins/2D/Paper2D/Content/DefaultPaperTerrainMaterial.uasset" 766
"../../../Engine/Plugins/2D/Paper2D/Content/DefaultSpriteMaterial.uasset" 767
"../../../Engine/Plugins/2D/Paper2D/Content/MaskedUnlitSpriteMaterial.uasset" 768
"../../../Engine/Plugins/2D/Paper2D/Content/OpaqueUnlitSpriteMaterial.uasset" 769
"../../../Engine/Plugins/Runtime/Oculus/OculusVR/Content/Textures/GearVRController_AO.uasset" 770
"../../../Engine/Plugins/Runtime/Oculus/OculusVR/Content/Textures/GearVRController_Color.uasset" 771
"../../../Engine/Plugins/Runtime/Oculus/OculusVR/Content/Textures/GearVRController_Normal.uasset" 772
"../../../Engine/Plugins/Runtime/Oculus/OculusVR/Content/Materials/GearVRControllerMaterial.uasset" 773
"../../../Engine/Plugins/Runtime/Oculus/OculusVR/Content/Meshes/GearVrController.uasset" 774
"../../../BP_PVehicles/Content/MovementAnimsetPro/Animations/RootMotion/ButtonPush_LH.uasset" 775
"../../../BP_PVehicles/Content/Vehicles/Camaro/BP_Camaro.uasset" 776
"../../../BP_PVehicles/Content/BP_Gamemode.uasset" 777
"../../../BP_PVehicles/Content/Environment/Track.uasset" 778
"../../../BP_PVehicles/Content/Environment/BP_Track_Spline.uasset" 779
"../../../Engine/Content/EngineSky/T_Sky_Blue.uasset" 780
"../../../Engine/Content/EngineSky/T_Sky_Clouds_M.uasset" 781
"../../../Engine/Content/EngineSky/T_Sky_Stars.uasset" 782
"../../../Engine/Content/EngineSky/M_Sky_Panning_Clouds2.uasset" 783
"../../../BP_PVehicles/Content/Environment/Materials/PP_Global.uasset" 784
"../../../Engine/Content/EngineSky/SM_SkySphere.uasset" 785
"../../../BP_PVehicles/Content/Environment/Environment_BP.uasset" 786
"../../../BP_PVehicles/Content/Vehicles/BP_AI_Race.uasset" 787
"../../../BP_PVehicles/Content/Maps/Default_Map_BuiltData.uasset" 788
"../../../BP_PVehicles/Content/Environment/Materials/grnd_dirt_dark.uasset" 789
"../../../BP_PVehicles/Content/Environment/Materials/grnd_grass1.uasset" 790
"../../../BP_PVehicles/Content/Environment/Materials/M_Grass.uasset" 791
"../../../BP_PVehicles/Content/Maps/Default_Map.umap" 792
"../../../BP_PVehicles/Content/UMG/About_Menu.uasset" 793
"../../../BP_PVehicles/Content/UMG/Images/Face.uasset" 794
"../../../BP_PVehicles/Content/UMG/Images/Face_Mask.uasset" 795
"../../../BP_PVehicles/Content/UMG/Images/M_Face.uasset" 796
"../../../BP_PVehicles/Content/UMG/Images/Speech.uasset" 797
"../../../BP_PVehicles/Content/UMG/Images/Speech_Mat.uasset" 798
"../../../BP_PVehicles/Content/UMG/Loading_Screen.uasset" 799
"../../../BP_PVehicles/Content/UMG/Main_Menu.uasset" 800
"../../../BP_PVehicles/Content/Cars/AutomotiveMaterials/LevelContent/Skybox/M_HDRSky.uasset" 801
"../../../BP_PVehicles/Content/Cars/AutomotiveMaterials/LevelContent/HDRI/ParkingGarage01_Ref.uasset" 802
"../../../BP_PVehicles/Content/Cars/AutomotiveMaterials/LevelContent/Skybox/MI_HDRSky.uasset" 803
"../../../Engine/Content/MapTemplates/Sky/T_Sky_Stars.uasset" 804
"../../../Engine/Content/MapTemplates/Sky/T_UDK_Sky_CloudMask01_N.uasset" 805
"../../../Engine/Content/MapTemplates/T_UDK_Sky_CloudMask03.uasset" 806
"../../../Engine/Content/MapTemplates/Sky/M_Procedural_Sky_MASTER02.uasset" 807
"../../../Engine/Content/MapTemplates/Sky/SM_SkySphere.uasset" 808
"../../../BP_PVehicles/Content/Maps/Menu_Map.umap" 809
"../../../BP_PVehicles/Content/Cars/AutomotiveMaterials/Maps/AutomotiveMaterials_Overview_BuiltData.uasset" 810
"../../../Engine/Content/Functions/Engine_MaterialFunctions01/ImageAdjustment/CheapContrast_RGB.uasset" 811
"../../../BP_PVehicles/Content/Cars/AutomotiveMaterials/Textures/ExhaustFinish/T_Metal_BC.uasset" 812
"../../../BP_PVehicles/Content/Cars/AutomotiveMaterials/Materials/ExhaustFinish/M_Exhaust_Stealth.uasset" 813
"../../../BP_PVehicles/Content/Cars/AutomotiveMaterials/Materials/ExhaustFinish/MI_Exhaust_Stealth.uasset" 814
"../../../BP_PVehicles/Content/Cars/AutomotiveMaterials/Maps/AutomotiveMaterials_Overview.umap" 815
"../../../Engine/Content/Maps/Entry.umap" 816
